# JRE version: OpenJDK Runtime Environment (8.0_242-b01) (build 1.8.0_242-release-1644-b01)
# Java VM: OpenJDK 64-Bit Server VM (25.242-b01 mixed mode windows-amd64 compressed oops)
Heap:
 PSYoungGen      total 348672K, used 60441K [0x00000000d5580000, 0x00000000ee280000, 0x0000000100000000)
  eden space 325632K, 11% used [0x00000000d5580000,0x00000000d7a0e260,0x00000000e9380000)
  from space 23040K, 99% used [0x00000000ecc00000,0x00000000ee278500,0x00000000ee280000)
  to   space 26624K, 0% used [0x00000000eae80000,0x00000000eae80000,0x00000000ec880000)
 ParOldGen       total 335872K, used 37626K [0x0000000080000000, 0x0000000094800000, 0x00000000d5580000)
  object space 335872K, 11% used [0x0000000080000000,0x00000000824beb88,0x0000000094800000)
 Metaspace       used 70010K, capacity 73258K, committed 73496K, reserved 1112064K
  class space    used 9575K, capacity 10183K, committed 10288K, reserved 1048576K
GC Heap History (10 events):
Event: 4.555 GC heap before
{Heap before GC invocations=7 (full 2):
 PSYoungGen      total 208384K, used 9576K [0x00000000d5580000, 0x00000000e6d80000, 0x0000000100000000)
  eden space 192000K, 0% used [0x00000000d5580000,0x00000000d5580000,0x00000000e1100000)
  from space 16384K, 58% used [0x00000000e1100000,0x00000000e1a5a138,0x00000000e2100000)
  to   space 14336K, 0% used [0x00000000e5f80000,0x00000000e5f80000,0x00000000e6d80000)
 ParOldGen       total 141312K, used 7672K [0x0000000080000000, 0x0000000088a00000, 0x00000000d5580000)
  object space 141312K, 5% used [0x0000000080000000,0x000000008077e3c8,0x0000000088a00000)
 Metaspace       used 34364K, capacity 35432K, committed 35496K, reserved 1079296K
  class space    used 4727K, capacity 5007K, committed 5040K, reserved 1048576K
Event: 4.612 GC heap after
Heap after GC invocations=7 (full 2):
 PSYoungGen      total 208384K, used 0K [0x00000000d5580000, 0x00000000e6d80000, 0x0000000100000000)
  eden space 192000K, 0% used [0x00000000d5580000,0x00000000d5580000,0x00000000e1100000)
  from space 16384K, 0% used [0x00000000e1100000,0x00000000e1100000,0x00000000e2100000)
  to   space 14336K, 0% used [0x00000000e5f80000,0x00000000e5f80000,0x00000000e6d80000)
 ParOldGen       total 224256K, used 15896K [0x0000000080000000, 0x000000008db00000, 0x00000000d5580000)
  object space 224256K, 7% used [0x0000000080000000,0x0000000080f861c0,0x000000008db00000)
 Metaspace       used 34364K, capacity 35432K, committed 35496K, reserved 1079296K
  class space    used 4727K, capacity 5007K, committed 5040K, reserved 1048576K
}
Event: 6.984 GC heap before
{Heap before GC invocations=8 (full 2):
 PSYoungGen      total 208384K, used 192000K [0x00000000d5580000, 0x00000000e6d80000, 0x0000000100000000)
  eden space 192000K, 100% used [0x00000000d5580000,0x00000000e1100000,0x00000000e1100000)
  from space 16384K, 0% used [0x00000000e1100000,0x00000000e1100000,0x00000000e2100000)
  to   space 14336K, 0% used [0x00000000e5f80000,0x00000000e5f80000,0x00000000e6d80000)
 ParOldGen       total 224256K, used 15896K [0x0000000080000000, 0x000000008db00000, 0x00000000d5580000)
  object space 224256K, 7% used [0x0000000080000000,0x0000000080f861c0,0x000000008db00000)
 Metaspace       used 45549K, capacity 47406K, committed 47528K, reserved 1089536K
  class space    used 6165K, capacity 6531K, committed 6576K, reserved 1048576K
Event: 7.003 GC heap after
Heap after GC invocations=8 (full 2):
 PSYoungGen      total 269312K, used 14332K [0x00000000d5580000, 0x00000000e8080000, 0x0000000100000000)
  eden space 254976K, 0% used [0x00000000d5580000,0x00000000d5580000,0x00000000e4e80000)
  from space 14336K, 99% used [0x00000000e5f80000,0x00000000e6d7f258,0x00000000e6d80000)
  to   space 17408K, 0% used [0x00000000e4e80000,0x00000000e4e80000,0x00000000e5f80000)
 ParOldGen       total 224256K, used 18272K [0x0000000080000000, 0x000000008db00000, 0x00000000d5580000)
  object space 224256K, 8% used [0x0000000080000000,0x00000000811d8398,0x000000008db00000)
 Metaspace       used 45549K, capacity 47406K, committed 47528K, reserved 1089536K
  class space    used 6165K, capacity 6531K, committed 6576K, reserved 1048576K
}
Event: 9.120 GC heap before
{Heap before GC invocations=9 (full 2):
 PSYoungGen      total 269312K, used 152052K [0x00000000d5580000, 0x00000000e8080000, 0x0000000100000000)
  eden space 254976K, 54% used [0x00000000d5580000,0x00000000ddbfddf0,0x00000000e4e80000)
  from space 14336K, 99% used [0x00000000e5f80000,0x00000000e6d7f258,0x00000000e6d80000)
  to   space 17408K, 0% used [0x00000000e4e80000,0x00000000e4e80000,0x00000000e5f80000)
 ParOldGen       total 224256K, used 18272K [0x0000000080000000, 0x000000008db00000, 0x00000000d5580000)
  object space 224256K, 8% used [0x0000000080000000,0x00000000811d8398,0x000000008db00000)
 Metaspace       used 56606K, capacity 58936K, committed 59160K, reserved 1099776K
  class space    used 7757K, capacity 8219K, committed 8240K, reserved 1048576K
Event: 9.150 GC heap after
Heap after GC invocations=9 (full 2):
 PSYoungGen      total 272384K, used 17399K [0x00000000d5580000, 0x00000000ee280000, 0x0000000100000000)
  eden space 254976K, 0% used [0x00000000d5580000,0x00000000d5580000,0x00000000e4e80000)
  from space 17408K, 99% used [0x00000000e4e80000,0x00000000e5f7dcf8,0x00000000e5f80000)
  to   space 23040K, 0% used [0x00000000ecc00000,0x00000000ecc00000,0x00000000ee280000)
 ParOldGen       total 224256K, used 25155K [0x0000000080000000, 0x000000008db00000, 0x00000000d5580000)
  object space 224256K, 11% used [0x0000000080000000,0x0000000081890ca0,0x000000008db00000)
 Metaspace       used 56606K, capacity 58936K, committed 59160K, reserved 1099776K
  class space    used 7757K, capacity 8219K, committed 8240K, reserved 1048576K
}
Event: 9.151 GC heap before
{Heap before GC invocations=10 (full 3):
 PSYoungGen      total 272384K, used 17399K [0x00000000d5580000, 0x00000000ee280000, 0x0000000100000000)
  eden space 254976K, 0% used [0x00000000d5580000,0x00000000d5580000,0x00000000e4e80000)
  from space 17408K, 99% used [0x00000000e4e80000,0x00000000e5f7dcf8,0x00000000e5f80000)
  to   space 23040K, 0% used [0x00000000ecc00000,0x00000000ecc00000,0x00000000ee280000)
 ParOldGen       total 224256K, used 25155K [0x0000000080000000, 0x000000008db00000, 0x00000000d5580000)
  object space 224256K, 11% used [0x0000000080000000,0x0000000081890ca0,0x000000008db00000)
 Metaspace       used 56606K, capacity 58936K, committed 59160K, reserved 1099776K
  class space    used 7757K, capacity 8219K, committed 8240K, reserved 1048576K
Event: 9.422 GC heap after
Heap after GC invocations=10 (full 3):
 PSYoungGen      total 272384K, used 0K [0x00000000d5580000, 0x00000000ee280000, 0x0000000100000000)
  eden space 254976K, 0% used [0x00000000d5580000,0x00000000d5580000,0x00000000e4e80000)
  from space 17408K, 0% used [0x00000000e4e80000,0x00000000e4e80000,0x00000000e5f80000)
  to   space 23040K, 0% used [0x00000000ecc00000,0x00000000ecc00000,0x00000000ee280000)
 ParOldGen       total 335872K, used 36129K [0x0000000080000000, 0x0000000094800000, 0x00000000d5580000)
  object space 335872K, 10% used [0x0000000080000000,0x00000000823487a8,0x0000000094800000)
 Metaspace       used 56562K, capacity 58786K, committed 59160K, reserved 1099776K
  class space    used 7743K, capacity 8194K, committed 8240K, reserved 1048576K
}
Event: 14.322 GC heap before
{Heap before GC invocations=11 (full 3):
 PSYoungGen      total 272384K, used 254976K [0x00000000d5580000, 0x00000000ee280000, 0x0000000100000000)
  eden space 254976K, 100% used [0x00000000d5580000,0x00000000e4e80000,0x00000000e4e80000)
  from space 17408K, 0% used [0x00000000e4e80000,0x00000000e4e80000,0x00000000e5f80000)
  to   space 23040K, 0% used [0x00000000ecc00000,0x00000000ecc00000,0x00000000ee280000)
 ParOldGen       total 335872K, used 36129K [0x0000000080000000, 0x0000000094800000, 0x00000000d5580000)
  object space 335872K, 10% used [0x0000000080000000,0x00000000823487a8,0x0000000094800000)
 Metaspace       used 69918K, capacity 73110K, committed 73240K, reserved 1112064K
  class space    used 9574K, capacity 10183K, committed 10288K, reserved 1048576K
Event: 14.357 GC heap after
Heap after GC invocations=11 (full 3):
 PSYoungGen      total 348672K, used 23009K [0x00000000d5580000, 0x00000000ee280000, 0x0000000100000000)
  eden space 325632K, 0% used [0x00000000d5580000,0x00000000d5580000,0x00000000e9380000)
  from space 23040K, 99% used [0x00000000ecc00000,0x00000000ee278500,0x00000000ee280000)
  to   space 26624K, 0% used [0x00000000eae80000,0x00000000eae80000,0x00000000ec880000)
 ParOldGen       total 335872K, used 37626K [0x0000000080000000, 0x0000000094800000, 0x00000000d5580000)
  object space 335872K, 11% used [0x0000000080000000,0x00000000824beb88,0x0000000094800000)
 Metaspace       used 69918K, capacity 73110K, committed 73240K, reserved 1112064K
  class space    used 9574K, capacity 10183K, committed 10288K, reserved 1048576K
}

